<?xml version="1.0" encoding="UTF-8"?>
<!-- Generated by org.testng.reporters.JUnitXMLReporter -->
<testsuite hostname="Mayank-Rock" ignored="2" tests="0" failures="0" timestamp="2020-08-23T22:51:32 IST" time="0.001" errors="0">
  <testcase name="loginWeb" time="0.0" classname="udda.LauncchBrowser">
    <ignored/>
  </testcase> <!-- loginWeb -->
  <testcase name="CurrentMatchupStatus" time="0.0" classname="udda.LauncchBrowser">
    <ignored/>
  </testcase> <!-- CurrentMatchupStatus -->
</testsuite>
